<?xml version="1.0" encoding="UTF-8"?>
<!-- Generated by org.testng.reporters.JUnitReportReporter -->
<testsuite hostname="HomeLaptop-PC" name="com.trainings.resst.automation.test.Testing" tests="1" failures="0" timestamp="23 Aug 2016 08:37:13 GMT" time="4.121" errors="0">
  <testcase name="PostJsonAsMapTestCase" time="4.121" classname="com.trainings.resst.automation.test.Testing"/>
</testsuite> <!-- com.trainings.resst.automation.test.Testing -->
