<?xml version="1.0" encoding="UTF-8"?>
<!-- Generated by org.testng.reporters.JUnitReportReporter -->
<testsuite hostname="HomeLaptop-PC" name="com.trainings.resst.automation.test.Testing" tests="4" failures="0" timestamp="21 Aug 2016 14:27:40 GMT" time="3.870" errors="0">
  <testcase name="GetMessageTestCase" time="1.242" classname="com.trainings.resst.automation.test.Testing"/>
  <testcase name="PostTestCase" time="0.083" classname="com.trainings.resst.automation.test.Testing"/>
  <testcase name="DeleteTestCase" time="2.480" classname="com.trainings.resst.automation.test.Testing"/>
  <testcase name="PutTestCase" time="0.065" classname="com.trainings.resst.automation.test.Testing"/>
</testsuite> <!-- com.trainings.resst.automation.test.Testing -->
