<?xml version="1.0" encoding="UTF-8"?>
<!-- Generated by org.testng.reporters.JUnitReportReporter -->
<testsuite hostname="HomeLaptop-PC" name="com.trainings.resst.automation.test.Testing" tests="4" failures="0" timestamp="21 Aug 2016 13:41:05 GMT" time="3.516" errors="0">
  <testcase name="GetMessageTestCase" time="0.980" classname="com.trainings.resst.automation.test.Testing"/>
  <testcase name="PostTestCase" time="0.196" classname="com.trainings.resst.automation.test.Testing"/>
  <testcase name="DeleteTestCase" time="2.301" classname="com.trainings.resst.automation.test.Testing"/>
  <testcase name="PutTestCase" time="0.039" classname="com.trainings.resst.automation.test.Testing"/>
</testsuite> <!-- com.trainings.resst.automation.test.Testing -->
