<?xml version="1.0" encoding="UTF-8"?>
<!-- Generated by org.testng.reporters.JUnitReportReporter -->
<testsuite hostname="HomeLaptop-PC" name="com.trainings.resst.automation.test.Testing" tests="1" failures="0" timestamp="1 Sep 2016 13:40:39 GMT" time="3.449" errors="0">
  <testcase name="GetMessageTestCaseUsingXML" time="3.449" classname="com.trainings.resst.automation.test.Testing"/>
</testsuite> <!-- com.trainings.resst.automation.test.Testing -->
